<?xml version="1.0" encoding="UTF-8"?>
<testng-results skipped="0" failed="0" ignored="0" total="1" passed="1">
  <reporter-output>
  </reporter-output>
  <suite name="Default suite" duration-ms="35125" started-at="2018-11-07T06:51:32Z" finished-at="2018-11-07T06:52:07Z">
    <groups>
    </groups>
    <test name="Default test" duration-ms="35125" started-at="2018-11-07T06:51:32Z" finished-at="2018-11-07T06:52:07Z">
      <class name="automationFramework.POM_TC_csv">
        <test-method status="PASS" signature="main()[pri:0, instance:automationFramework.POM_TC_csv@66a3ffec]" name="main" duration-ms="35048" started-at="2018-11-07T06:51:32Z" finished-at="2018-11-07T06:52:07Z">
          <reporter-output>
          </reporter-output>
        </test-method> <!-- main -->
      </class> <!-- automationFramework.POM_TC_csv -->
    </test> <!-- Default test -->
  </suite> <!-- Default suite -->
</testng-results>
