<?xml version="1.0" encoding="UTF-8"?>
<testng-results skipped="0" failed="0" ignored="0" total="1" passed="1">
  <reporter-output>
    <line>
      <![CDATA[Customer make a MCI request Successfully]]>
    </line>
  </reporter-output>
  <suite name="Default suite" duration-ms="105837" started-at="2018-11-02T03:29:47Z" finished-at="2018-11-02T03:31:33Z">
    <groups>
    </groups>
    <test name="Default test" duration-ms="105837" started-at="2018-11-02T03:29:47Z" finished-at="2018-11-02T03:31:33Z">
      <class name="automationFramework.Ticket711">
        <test-method status="PASS" signature="MyCommunityRequest()[pri:1, instance:automationFramework.Ticket711@26653222]" name="MyCommunityRequest" duration-ms="105795" started-at="2018-11-02T03:29:47Z" finished-at="2018-11-02T03:31:33Z">
          <reporter-output>
            <line>
              <![CDATA[Customer make a MCI request Successfully]]>
            </line>
          </reporter-output>
        </test-method> <!-- MyCommunityRequest -->
      </class> <!-- automationFramework.Ticket711 -->
    </test> <!-- Default test -->
  </suite> <!-- Default suite -->
</testng-results>
